<?xml version="1.0" encoding="UTF-8" ?>
<testsuite tests="14" failures="0" name="TestSuite" time="29.656" errors="0" skipped="0">
  <properties>
    <property name="PROCESSOR_ARCHITECTURE" value="AMD64"/>
    <property name="file.encoding.pkg" value="sun.io"/>
    <property name="LOGONSERVER" value="\\DESKTOP-D6OVIS5"/>
    <property name="classpath" value=""/>
    <property name="ProgramData" value="C:\ProgramData"/>
    <property name="java.home" value="C:\Program Files\Java\jdk1.8.0_231\jre"/>
    <property name="NODE_NAME" value="built-in"/>
    <property name="JENKINS_URL" value="http://localhost:8080/"/>
    <property name="ALLUSERSPROFILE" value="C:\ProgramData"/>
    <property name="java.endorsed.dirs" value="C:\Program Files\Java\jdk1.8.0_231\jre\lib\endorsed"/>
    <property name="PSModulePath" value="C:\Program Files\WindowsPowerShell\Modules;C:\WINDOWS\system32\WindowsPowerShell\v1.0\Modules"/>
    <property name="=::" value="::\"/>
    <property name="USERDOMAIN" value="DESKTOP-D6OVIS5"/>
    <property name="sun.os.patch.level" value=""/>
    <property name="java.vendor.url" value="http://java.oracle.com/"/>
    <property name="CommonProgramFiles(x86)" value="C:\Program Files (x86)\Common Files"/>
    <property name="java.version" value="1.8.0_231"/>
    <property name="JOB_NAME" value="OpenMRSAutomation/PomImplementation:pom"/>
    <property name="COMPUTERNAME" value="DESKTOP-D6OVIS5"/>
    <property name="ANDROID_HOME" value="C:\Users\javer\AppData\Local\Android\Sdk"/>
    <property name="java.vendor.url.bug" value="http://bugreport.sun.com/bugreport/"/>
    <property name="PUBLIC" value="C:\Users\Public"/>
    <property name="ChocolateyLastPathUpdate" value="132207020148481067"/>
    <property name="user.name" value="javer"/>
    <property name="sun.io.unicode.encoding" value="UnicodeLittle"/>
    <property name="sun.jnu.encoding" value="Cp1252"/>
    <property name="java.runtime.name" value="Java(TM) SE Runtime Environment"/>
    <property name="windir" value="C:\WINDOWS"/>
    <property name="PROCESSOR_IDENTIFIER" value="Intel64 Family 6 Model 78 Stepping 3, GenuineIntel"/>
    <property name="=E:" value="E:\Softwares"/>
    <property name="GOOGLE_API_KEY" value="no"/>
    <property name="java.specification.name" value="Java Platform API Specification"/>
    <property name="LOCALAPPDATA" value="C:\Users\javer\AppData\Local"/>
    <property name="RUN_CHANGES_DISPLAY_URL" value="http://localhost:8080/job/OpenMRSAutomation/PomImplementation$pom/6/display/redirect?page=changes"/>
    <property name="user.timezone" value="Asia/Karachi"/>
    <property name="user.script" value=""/>
    <property name="path.separator" value=";"/>
    <property name="NUMBER_OF_PROCESSORS" value="4"/>
    <property name="BUILD_TAG" value="jenkins-OpenMRSAutomation-PomImplementation:pom-6"/>
    <property name="file.encoding" value="Cp1252"/>
    <property name="VS140COMNTOOLS" value="C:\Program Files (x86)\Microsoft Visual Studio 14.0\Common7\Tools\"/>
    <property name="sun.java.command" value="jenkins.maven3.agent.Maven35Main C:\Users\javer\.jenkins\tools\hudson.tasks.Maven_MavenInstallation\TestMaven C:\Users\javer\.jenkins\war\WEB-INF\lib\remoting-4.11.1.jar C:\Users\javer\.jenkins\plugins\maven-plugin\WEB-INF\lib\maven35-interceptor-1.13.jar C:\Users\javer\.jenkins\plugins\maven-plugin\WEB-INF\lib\maven3-interceptor-commons-1.13.jar 1293"/>
    <property name="HUDSON_URL" value="http://localhost:8080/"/>
    <property name="JENKINS_SERVER_COOKIE" value="f74024d20f226ed1"/>
    <property name="EXECUTOR_NUMBER" value="1"/>
    <property name="Path" value="C:\Program Files\Java\jdk1.8.0_231\bin;C:\WINDOWS\system32;C:\WINDOWS;C:\WINDOWS\System32\Wbem;C:\WINDOWS\System32\WindowsPowerShell\v1.0\;C:\ProgramData\chocolatey\bin;C:\Program Files (x86)\Yarn\bin\;C:\WINDOWS\System32\OpenSSH\;C:\Program Files\Microsoft SQL Server\Client SDK\ODBC\170\Tools\Binn\;C:\Program Files\dotnet\;C:\Program Files\Git\cmd;C:\Program Files (x86)\Common Files\Oracle\Java\javapath;C:\Program Files\nodejs\;C:\apache-maven-3.8.3-bin\apache-maven-3.8.3\bin;C:\apache-maven-3.8.3-bin\bin;C:\Program Files\Microsoft SQL Server\140\Tools\Binn\;C:\Users\javer\AppData\Local\Programs\Python\Python38\Scripts\;C:\Users\javer\AppData\Local\Programs\Python\Python38\;C:\Users\javer\AppData\Local\Microsoft\WindowsApps;C:\Users\javer\AppData\Local\Programs\Microsoft VS Code\bin;C:\Users\javer\AppData\Local\Yarn\bin;C:\Users\MyUserName\AppData\Local\Programs\Python\Python36-32;C:\Program Files\JetBrains\IntelliJ IDEA 2019.3.1\bin;;C:\Users\javer\.dotnet\tools;C:\Users\javer\AppData\Local\Android\Sdk;C:\Users\javer\AppData\Local\Android\Sdk\emulator;C:\Users\javer\AppData\Local\Android\Sdk\tools;C:\Program Files\JetBrains\PyCharm Community Edition 2020.3.3\bin;;C:\Program Files\Java\jdk1.8.0_231;C:\Program Files\Java\jdk1.8.0_231\bin;C:\Users\javer\AppData\Roaming\npm;C:\Program Files\heroku\bin"/>
    <property name="java.io.tmpdir" value="C:\Users\javer\AppData\Local\Temp\"/>
    <property name="APPDATA" value="C:\Users\javer\AppData\Roaming"/>
    <property name="user.language" value="en"/>
    <property name="line.separator" value="
"/>
    <property name="BUILD_URL" value="http://localhost:8080/job/OpenMRSAutomation/PomImplementation$pom/6/"/>
    <property name="M2_HOME" value="C:\Users\javer\.jenkins\tools\hudson.tasks.Maven_MavenInstallation\TestMaven"/>
    <property name="java.vm.info" value="mixed mode"/>
    <property name="DriverData" value="C:\Windows\System32\Drivers\DriverData"/>
    <property name="sun.desktop" value="windows"/>
    <property name="java.vm.specification.name" value="Java Virtual Machine Specification"/>
    <property name="CI" value="true"/>
    <property name="BUILD_DISPLAY_NAME" value="#6"/>
    <property name="OS" value="Windows_NT"/>
    <property name="hudson.build.number" value="6"/>
    <property name="guice.disable.misplaced.annotation.check" value="true"/>
    <property name="HUDSON_SERVER_COOKIE" value="f74024d20f226ed1"/>
    <property name="WORKSPACE_TMP" value="E:\Softwares\pom@tmp"/>
    <property name="MAVEN_HOME" value="C:\Users\javer\.jenkins\tools\hudson.tasks.Maven_MavenInstallation\TestMaven"/>
    <property name="SESSIONNAME" value="Console"/>
    <property name="PATHEXT" value=".COM;.EXE;.BAT;.CMD;.VBS;.VBE;.JS;.JSE;.WSF;.WSH;.MSC"/>
    <property name="java.awt.printerjob" value="sun.awt.windows.WPrinterJob"/>
    <property name="maven3.interceptor.common" value="C:\Users\javer\.jenkins\plugins\maven-plugin\WEB-INF\lib\maven3-interceptor-commons-1.13.jar"/>
    <property name="user.country.format" value="PK"/>
    <property name="jansi.mode" value="strip"/>
    <property name="PyCharm Community Edition" value="C:\Program Files\JetBrains\PyCharm Community Edition 2020.3.3\bin;"/>
    <property name="HOMEPATH" value="\Users\javer"/>
    <property name="os.name" value="Windows 10"/>
    <property name="java.specification.vendor" value="Oracle Corporation"/>
    <property name="java.vm.name" value="Java HotSpot(TM) 64-Bit Server VM"/>
    <property name="BUILD_NUMBER" value="6"/>
    <property name="maven3.interceptor" value="C:\Users\javer\.jenkins\plugins\maven-plugin\WEB-INF\lib\maven35-interceptor-1.13.jar"/>
    <property name="java.library.path" value="C:\Program Files\Java\jdk1.8.0_231\bin;C:\WINDOWS\Sun\Java\bin;C:\WINDOWS\system32;C:\WINDOWS;C:\Users\javer\.jenkins\tools\hudson.tasks.Maven_MavenInstallation\TestMaven/bin;C:\Program Files\Java\jdk1.8.0_231\bin;C:\WINDOWS\system32;C:\WINDOWS;C:\WINDOWS\System32\Wbem;C:\WINDOWS\System32\WindowsPowerShell\v1.0\;C:\ProgramData\chocolatey\bin;C:\Program Files (x86)\Yarn\bin\;C:\WINDOWS\System32\OpenSSH\;C:\Program Files\Microsoft SQL Server\Client SDK\ODBC\170\Tools\Binn\;C:\Program Files\dotnet\;C:\Program Files\Git\cmd;C:\Program Files (x86)\Common Files\Oracle\Java\javapath;C:\Program Files\nodejs\;C:\apache-maven-3.8.3-bin\apache-maven-3.8.3\bin;C:\apache-maven-3.8.3-bin\bin;C:\Program Files\Microsoft SQL Server\140\Tools\Binn\;C:\Users\javer\AppData\Local\Programs\Python\Python38\Scripts\;C:\Users\javer\AppData\Local\Programs\Python\Python38\;C:\Users\javer\AppData\Local\Microsoft\WindowsApps;C:\Users\javer\AppData\Local\Programs\Microsoft VS Code\bin;C:\Users\javer\AppData\Local\Yarn\bin;C:\Users\MyUserName\AppData\Local\Programs\Python\Python36-32;C:\Program Files\JetBrains\IntelliJ IDEA 2019.3.1\bin;;C:\Users\javer\.dotnet\tools;C:\Users\javer\AppData\Local\Android\Sdk;C:\Users\javer\AppData\Local\Android\Sdk\emulator;C:\Users\javer\AppData\Local\Android\Sdk\tools;C:\Program Files\JetBrains\PyCharm Community Edition 2020.3.3\bin;;C:\Program Files\Java\jdk1.8.0_231;C:\Program Files\Java\jdk1.8.0_231\bin;C:\Users\javer\AppData\Roaming\npm;C:\Program Files\heroku\bin;."/>
    <property name="HOMEDRIVE" value="C:"/>
    <property name="java.class.version" value="52.0"/>
    <property name="JOB_URL" value="http://localhost:8080/job/OpenMRSAutomation/PomImplementation$pom/"/>
    <property name="OneDrive" value="C:\Users\javer\OneDrive"/>
    <property name="RUN_DISPLAY_URL" value="http://localhost:8080/job/OpenMRSAutomation/PomImplementation$pom/6/display/redirect"/>
    <property name="JENKINS_HOME" value="C:\Users\javer\.jenkins"/>
    <property name="BUILD_ID" value="6"/>
    <property name="TEMP" value="C:\Users\javer\AppData\Local\Temp"/>
    <property name="sun.boot.library.path" value="C:\Program Files\Java\jdk1.8.0_231\jre\bin"/>
    <property name="sun.management.compiler" value="HotSpot 64-Bit Tiered Compilers"/>
    <property name="java.awt.graphicsenv" value="sun.awt.Win32GraphicsEnvironment"/>
    <property name="user.variant" value=""/>
    <property name="PROCESSOR_REVISION" value="4e03"/>
    <property name="HUDSON_HOME" value="C:\Users\javer\.jenkins"/>
    <property name="ProgramFiles(x86)" value="C:\Program Files (x86)"/>
    <property name="PATH+MAVEN" value="C:\Users\javer\.jenkins\tools\hudson.tasks.Maven_MavenInstallation\TestMaven/bin"/>
    <property name="IntelliJ IDEA" value="C:\Program Files\JetBrains\IntelliJ IDEA 2019.3.1\bin;"/>
    <property name="APPLITOOLS_API_KEY" value="KQcoFxBEXy3ZIBlNh2agcBkFShzjr5sIWo8wFGNsdK0110"/>
    <property name="USERDOMAIN_ROAMINGPROFILE" value="DESKTOP-D6OVIS5"/>
    <property name="RUN_ARTIFACTS_DISPLAY_URL" value="http://localhost:8080/job/OpenMRSAutomation/PomImplementation$pom/6/display/redirect?page=artifacts"/>
    <property name="PROMPT" value="$P$G"/>
    <property name="java.vm.specification.version" value="1.8"/>
    <property name="JAVA_HOME" value="C:\Program Files\Java\jdk1.8.0_231"/>
    <property name="awt.toolkit" value="sun.awt.windows.WToolkit"/>
    <property name="SDK.DIR" value="C:\Users\javer\AppData\Local\Android\Sdk"/>
    <property name="NODE_LABELS" value="built-in"/>
    <property name="sun.cpu.isalist" value="amd64"/>
    <property name="USERPROFILE" value="C:\Users\javer"/>
    <property name="asl.log" value="Destination=file"/>
    <property name="JOB_DISPLAY_URL" value="http://localhost:8080/job/OpenMRSAutomation/PomImplementation$pom/display/redirect"/>
    <property name="java.ext.dirs" value="C:\Program Files\Java\jdk1.8.0_231\jre\lib\ext;C:\WINDOWS\Sun\Java\lib\ext"/>
    <property name="os.version" value="10.0"/>
    <property name="user.home" value="C:\Users\javer"/>
    <property name="USERNAME" value="javer"/>
    <property name="java.vm.vendor" value="Oracle Corporation"/>
    <property name="PROCESSOR_LEVEL" value="6"/>
    <property name="GOOGLE_DEFAULT_CLIENT_ID" value="no"/>
    <property name="CommonProgramW6432" value="C:\Program Files\Common Files"/>
    <property name="user.dir" value="E:\Softwares"/>
    <property name="maven.conf" value="C:\Users\javer\.jenkins\tools\hudson.tasks.Maven_MavenInstallation\TestMaven\conf"/>
    <property name="ProgramW6432" value="C:\Program Files"/>
    <property name="TMP" value="C:\Users\javer\AppData\Local\Temp"/>
    <property name="sun.cpu.endian" value="little"/>
    <property name="SystemDrive" value="C:"/>
    <property name="java.vm.version" value="25.231-b11"/>
    <property name="java.class.path" value="C:\Users\javer\.jenkins\plugins\maven-plugin\WEB-INF\lib\maven35-agent-1.13.jar;C:\Users\javer\.jenkins\tools\hudson.tasks.Maven_MavenInstallation\TestMaven\boot\plexus-classworlds-2.6.0.jar;C:\Users\javer\.jenkins\tools\hudson.tasks.Maven_MavenInstallation\TestMaven/conf/logging"/>
    <property name="org.slf4j.simpleLogger.defaultLogLevel" value="info"/>
    <property name="os.arch" value="amd64"/>
    <property name="OneDriveConsumer" value="C:\Users\javer\OneDrive"/>
    <property name="WORKSPACE" value="E:\Softwares\pom"/>
    <property name="ComSpec" value="C:\WINDOWS\system32\cmd.exe"/>
    <property name="RUN_TESTS_DISPLAY_URL" value="http://localhost:8080/job/OpenMRSAutomation/PomImplementation$pom/6/display/redirect?page=tests"/>
    <property name="sun.java.launcher" value="SUN_STANDARD"/>
    <property name="FPS_BROWSER_APP_PROFILE_STRING" value="Internet Explorer"/>
    <property name="SystemRoot" value="C:\WINDOWS"/>
    <property name="CommonProgramFiles" value="C:\Program Files\Common Files"/>
    <property name="java.vm.specification.vendor" value="Oracle Corporation"/>
    <property name="FPS_BROWSER_USER_PROFILE_STRING" value="Default"/>
    <property name="file.separator" value="\"/>
    <property name="ChocolateyInstall" value="C:\ProgramData\chocolatey"/>
    <property name="java.runtime.version" value="1.8.0_231-b11"/>
    <property name="ProgramFiles" value="C:\Program Files"/>
    <property name="sun.boot.class.path" value="C:\Program Files\Java\jdk1.8.0_231\jre\lib\resources.jar;C:\Program Files\Java\jdk1.8.0_231\jre\lib\rt.jar;C:\Program Files\Java\jdk1.8.0_231\jre\lib\sunrsasign.jar;C:\Program Files\Java\jdk1.8.0_231\jre\lib\jsse.jar;C:\Program Files\Java\jdk1.8.0_231\jre\lib\jce.jar;C:\Program Files\Java\jdk1.8.0_231\jre\lib\charsets.jar;C:\Program Files\Java\jdk1.8.0_231\jre\lib\jfr.jar;C:\Program Files\Java\jdk1.8.0_231\jre\classes"/>
    <property name="=ExitCode" value="00000082"/>
    <property name="user.country" value="US"/>
    <property name="maven.home" value="C:\Users\javer\.jenkins\tools\hudson.tasks.Maven_MavenInstallation\TestMaven"/>
    <property name="JOB_BASE_NAME" value="PomImplementation:pom"/>
    <property name="java.vendor" value="Oracle Corporation"/>
    <property name="GOOGLE_DEFAULT_CLIENT_SECRET" value="no"/>
    <property name="java.specification.version" value="1.8"/>
    <property name="sun.arch.data.model" value="64"/>
  </properties>
  <testcase classname="com.qa.testcases.FindPatientsTest" name="findPatient" time="7.866"/>
  <testcase classname="com.qa.testcases.FindPatientsTest" name="verifyFindPatientLabel" time="0.088"/>
  <testcase classname="com.qa.testcases.HomepageTest" name="findPatientsTest" time="2.904"/>
  <testcase classname="com.qa.testcases.HomepageTest" name="verifyHomePageTitleTest" time="0.011"/>
  <testcase classname="com.qa.testcases.LoginPageTest" name="loginPageTitleTest" time="0.008"/>
  <testcase classname="com.qa.testcases.LoginPageTest" name="mrsImageLogoTest" time="0.066"/>
  <testcase classname="com.qa.testcases.LoginPageTest" name="loginTest" time="2.353"/>
  <testcase classname="com.qa.testcases.RegisterPatientTest" name="registerpatient" time="2.471"/>
  <testcase classname="com.qa.testcases.RegisterPatientTest" name="registerpatient" time="2.436"/>
  <testcase classname="com.qa.testcases.RegisterPatientTest" name="registerpatient" time="3.091"/>
  <testcase classname="com.qa.testcases.RegisterPatientTest" name="registerpatient" time="3.533"/>
  <testcase classname="com.qa.testcases.RegisterPatientTest" name="registerpatient" time="2.543"/>
  <testcase classname="com.qa.testcases.RegisterPatientTest" name="registerpatient" time="2.273"/>
  <testcase classname="com.qa.testcases.RegisterPatientTest" name="verifyRegisterPatientLabel" time="0.013"/>
</testsuite>