<?xml version="1.0" encoding="UTF-8"?>
<!-- Generated by org.testng.reporters.JUnitReportReporter -->
<testsuite hostname="DESKTOP-D6OVIS5" failures="0" tests="2" name="com.qa.testcases.FindPatientsTest" time="56.276" errors="0" timestamp="2021-11-16T17:07:53 PKT" skipped="0">
  <testcase classname="com.qa.testcases.FindPatientsTest" name="verifyFindPatientLabel" time="18.049"/>
  <system-out/>
  <testcase classname="com.qa.testcases.FindPatientsTest" name="findPatient" time="38.227"/>
  <system-out/>
</testsuite> <!-- com.qa.testcases.FindPatientsTest -->
