<?xml version="1.0" encoding="UTF-8"?>
<!-- Generated by org.testng.reporters.JUnitReportReporter -->
<testsuite hostname="DESKTOP-D6OVIS5" failures="0" tests="2" name="com.qa.testcases.HomepageTest" time="32.407" errors="0" timestamp="2021-11-16T17:07:53 PKT" skipped="0">
  <testcase classname="com.qa.testcases.HomepageTest" name="verifyHomePageTitleTest" time="13.893"/>
  <system-out/>
  <testcase classname="com.qa.testcases.HomepageTest" name="findPatientsTest" time="18.514"/>
  <system-out/>
</testsuite> <!-- com.qa.testcases.HomepageTest -->
