<?xml version="1.0" encoding="UTF-8"?>
<!-- Generated by org.testng.reporters.JUnitReportReporter -->
<testsuite hostname="DESKTOP-D6OVIS5" failures="0" tests="3" name="com.qa.testcases.LoginPageTest" time="34.381" errors="0" timestamp="2021-11-16T17:07:53 PKT" skipped="0">
  <testcase classname="com.qa.testcases.LoginPageTest" name="loginPageTitleTest" time="14.474"/>
  <system-out/>
  <testcase classname="com.qa.testcases.LoginPageTest" name="mrsImageLogoTest" time="9.451"/>
  <system-out/>
  <testcase classname="com.qa.testcases.LoginPageTest" name="loginTest" time="10.456"/>
  <system-out/>
</testsuite> <!-- com.qa.testcases.LoginPageTest -->
