<?xml version="1.0" encoding="UTF-8"?>
<!-- Generated by org.testng.reporters.JUnitReportReporter -->
<testsuite hostname="DESKTOP-D6OVIS5" failures="0" tests="3" name="com.qa.testcases.LoginPageTest" time="55.765" errors="0" timestamp="2021-11-22T17:34:21 PKT" skipped="0">
  <testcase classname="com.qa.testcases.LoginPageTest" name="loginPageTitleTest" time="16.139"/>
  <testcase classname="com.qa.testcases.LoginPageTest" name="mrsImageLogoTest" time="10.227"/>
  <testcase classname="com.qa.testcases.LoginPageTest" name="loginTest" time="29.399"/>
</testsuite> <!-- com.qa.testcases.LoginPageTest -->
