<?xml version="1.0" encoding="UTF-8"?>
<!-- Generated by org.testng.reporters.JUnitReportReporter -->
<testsuite skipped="0" hostname="DESKTOP-D6OVIS5" name="com.qa.testcases.LoginPageTest" tests="3" failures="0" timestamp="2021-11-17T10:37:06 PKT" time="25.522" errors="0">
  <testcase name="loginPageTitleTest" time="10.591" classname="com.qa.testcases.LoginPageTest"/>
  <system-out/>
  <testcase name="mrsImageLogoTest" time="6.242" classname="com.qa.testcases.LoginPageTest"/>
  <system-out/>
  <testcase name="loginTest" time="8.689" classname="com.qa.testcases.LoginPageTest"/>
  <system-out/>
</testsuite> <!-- com.qa.testcases.LoginPageTest -->
