<?xml version="1.0" encoding="UTF-8"?>
<!-- Generated by org.testng.reporters.JUnitReportReporter -->
<testsuite skipped="0" hostname="DESKTOP-D6OVIS5" name="com.qa.testcases.RegisterPatientTest" tests="7" failures="0" timestamp="2021-11-17T10:37:06 PKT" time="119.903" errors="0">
  <testcase name="registerpatient" time="18.368" classname="com.qa.testcases.RegisterPatientTest"/>
  <system-out/>
  <testcase name="registerpatient" time="16.910" classname="com.qa.testcases.RegisterPatientTest"/>
  <system-out/>
  <testcase name="verifyRegisterPatientLabel" time="14.289" classname="com.qa.testcases.RegisterPatientTest"/>
  <system-out/>
  <testcase name="registerpatient" time="17.677" classname="com.qa.testcases.RegisterPatientTest"/>
  <system-out/>
  <testcase name="registerpatient" time="18.765" classname="com.qa.testcases.RegisterPatientTest"/>
  <system-out/>
  <testcase name="registerpatient" time="16.894" classname="com.qa.testcases.RegisterPatientTest"/>
  <system-out/>
  <testcase name="registerpatient" time="17.000" classname="com.qa.testcases.RegisterPatientTest"/>
  <system-out/>
</testsuite> <!-- com.qa.testcases.RegisterPatientTest -->
