<?xml version="1.0" encoding="UTF-8"?>
<!-- Generated by org.testng.reporters.JUnitReportReporter -->
<testsuite skipped="0" hostname="DESKTOP-D6OVIS5" name="com.qa.testcases.LoginPageTest" tests="3" failures="0" timestamp="2021-11-20T12:21:58 PKT" time="32.298" errors="0">
  <testcase name="loginPageTitleTest" time="14.508" classname="com.qa.testcases.LoginPageTest"/>
  <testcase name="mrsImageLogoTest" time="6.910" classname="com.qa.testcases.LoginPageTest"/>
  <testcase name="loginTest" time="10.880" classname="com.qa.testcases.LoginPageTest"/>
</testsuite> <!-- com.qa.testcases.LoginPageTest -->
