<?xml version="1.0" encoding="UTF-8"?>
<!-- Generated by org.testng.reporters.JUnitReportReporter -->
<testsuite skipped="0" hostname="DESKTOP-D6OVIS5" name="com.qa.testcases.FindPatientsTest" tests="2" failures="0" timestamp="2021-11-17T10:37:06 PKT" time="36.668" errors="0">
  <testcase name="verifyFindPatientLabel" time="12.289" classname="com.qa.testcases.FindPatientsTest"/>
  <system-out/>
  <testcase name="findPatient" time="24.379" classname="com.qa.testcases.FindPatientsTest"/>
  <system-out/>
</testsuite> <!-- com.qa.testcases.FindPatientsTest -->
