<?xml version="1.0" encoding="UTF-8"?>
<!-- Generated by org.testng.reporters.JUnitReportReporter -->
<testsuite skipped="0" hostname="DESKTOP-D6OVIS5" name="com.qa.testcases.HomepageTest" tests="2" failures="0" timestamp="2021-11-17T10:37:06 PKT" time="20.823" errors="0">
  <testcase name="verifyHomePageTitleTest" time="8.825" classname="com.qa.testcases.HomepageTest"/>
  <system-out/>
  <testcase name="findPatientsTest" time="11.998" classname="com.qa.testcases.HomepageTest"/>
  <system-out/>
</testsuite> <!-- com.qa.testcases.HomepageTest -->
